1511592950238	geckodriver	INFO	geckodriver 0.19.1
1511592950254	geckodriver	INFO	Listening on 127.0.0.1:50055
1511592952310	mozrunner::runner	INFO	Running command: "C:\\Program Files\\Mozilla Firefox\\firefox.exe" "-marionette" "-profile" "C:\\Users\\INFORM~1\\AppData\\Local\\Temp\\rust_mozprofile.1d4DXjy5iBSv"
1511592952426	addons.manager	DEBUG	Application has been upgraded
1511592952440	addons.manager	DEBUG	Loaded provider scope for resource://gre/modules/addons/XPIProvider.jsm: ["XPIProvider", "XPIInternal"]
1511592952441	addons.manager	DEBUG	Loaded provider scope for resource://gre/modules/LightweightThemeManager.jsm: ["LightweightThemeManager"]
1511592952453	addons.manager	DEBUG	Loaded provider scope for resource://gre/modules/addons/GMPProvider.jsm
1511592952455	addons.manager	DEBUG	Loaded provider scope for resource://gre/modules/addons/PluginProvider.jsm
1511592952455	addons.manager	DEBUG	Starting provider: XPIProvider
1511592952455	addons.xpi	DEBUG	startup
1511592952456	addons.xpi	INFO	SystemAddonInstallLocation directory is missing
1511592952456	addons.xpi	INFO	Removing all system add-on upgrades.
1511592952456	addons.xpi	DEBUG	checkForChanges
1511592952456	addons.xpi	DEBUG	Loaded add-on state: ${}
1511592952457	addons.xpi	INFO	Mapping activity-stream@mozilla.org to C:\Program Files\Mozilla Firefox\browser\features\activity-stream@mozilla.org.xpi
1511592952457	addons.xpi	INFO	Mapping aushelper@mozilla.org to C:\Program Files\Mozilla Firefox\browser\features\aushelper@mozilla.org.xpi
1511592952457	addons.xpi	INFO	Mapping e10srollout@mozilla.org to C:\Program Files\Mozilla Firefox\browser\features\e10srollout@mozilla.org.xpi
1511592952457	addons.xpi	INFO	Mapping firefox@getpocket.com to C:\Program Files\Mozilla Firefox\browser\features\firefox@getpocket.com.xpi
1511592952457	addons.xpi	INFO	Mapping followonsearch@mozilla.com to C:\Program Files\Mozilla Firefox\browser\features\followonsearch@mozilla.com.xpi
1511592952457	addons.xpi	INFO	Mapping formautofill@mozilla.org to C:\Program Files\Mozilla Firefox\browser\features\formautofill@mozilla.org.xpi
1511592952457	addons.xpi	INFO	Mapping onboarding@mozilla.org to C:\Program Files\Mozilla Firefox\browser\features\onboarding@mozilla.org.xpi
1511592952457	addons.xpi	INFO	Mapping screenshots@mozilla.org to C:\Program Files\Mozilla Firefox\browser\features\screenshots@mozilla.org.xpi
1511592952457	addons.xpi	INFO	Mapping shield-recipe-client@mozilla.org to C:\Program Files\Mozilla Firefox\browser\features\shield-recipe-client@mozilla.org.xpi
1511592952458	addons.xpi	INFO	Mapping webcompat@mozilla.org to C:\Program Files\Mozilla Firefox\browser\features\webcompat@mozilla.org.xpi
1511592952458	addons.xpi	DEBUG	New add-on activity-stream@mozilla.org in app-system-defaults
1511592952458	addons.xpi	INFO	Mapping activity-stream@mozilla.org to C:\Program Files\Mozilla Firefox\browser\features\activity-stream@mozilla.org.xpi
1511592952459	addons.xpi	DEBUG	New add-on aushelper@mozilla.org in app-system-defaults
1511592952459	addons.xpi	INFO	Mapping aushelper@mozilla.org to C:\Program Files\Mozilla Firefox\browser\features\aushelper@mozilla.org.xpi
1511592952459	addons.xpi	DEBUG	New add-on e10srollout@mozilla.org in app-system-defaults
1511592952459	addons.xpi	INFO	Mapping e10srollout@mozilla.org to C:\Program Files\Mozilla Firefox\browser\features\e10srollout@mozilla.org.xpi
1511592952459	addons.xpi	DEBUG	New add-on firefox@getpocket.com in app-system-defaults
1511592952459	addons.xpi	INFO	Mapping firefox@getpocket.com to C:\Program Files\Mozilla Firefox\browser\features\firefox@getpocket.com.xpi
1511592952459	addons.xpi	DEBUG	New add-on followonsearch@mozilla.com in app-system-defaults
1511592952460	addons.xpi	INFO	Mapping followonsearch@mozilla.com to C:\Program Files\Mozilla Firefox\browser\features\followonsearch@mozilla.com.xpi
1511592952460	addons.xpi	DEBUG	New add-on formautofill@mozilla.org in app-system-defaults
1511592952460	addons.xpi	INFO	Mapping formautofill@mozilla.org to C:\Program Files\Mozilla Firefox\browser\features\formautofill@mozilla.org.xpi
1511592952460	addons.xpi	DEBUG	New add-on onboarding@mozilla.org in app-system-defaults
1511592952460	addons.xpi	INFO	Mapping onboarding@mozilla.org to C:\Program Files\Mozilla Firefox\browser\features\onboarding@mozilla.org.xpi
1511592952460	addons.xpi	DEBUG	New add-on screenshots@mozilla.org in app-system-defaults
1511592952460	addons.xpi	INFO	Mapping screenshots@mozilla.org to C:\Program Files\Mozilla Firefox\browser\features\screenshots@mozilla.org.xpi
1511592952460	addons.xpi	DEBUG	New add-on shield-recipe-client@mozilla.org in app-system-defaults
1511592952461	addons.xpi	INFO	Mapping shield-recipe-client@mozilla.org to C:\Program Files\Mozilla Firefox\browser\features\shield-recipe-client@mozilla.org.xpi
1511592952461	addons.xpi	DEBUG	New add-on webcompat@mozilla.org in app-system-defaults
1511592952461	addons.xpi	INFO	Mapping webcompat@mozilla.org to C:\Program Files\Mozilla Firefox\browser\features\webcompat@mozilla.org.xpi
1511592952461	addons.xpi	INFO	Mapping {972ce4c6-7e08-4474-a285-3208198ce6fd} to C:\Program Files\Mozilla Firefox\browser\extensions\{972ce4c6-7e08-4474-a285-3208198ce6fd}.xpi
1511592952461	addons.xpi	DEBUG	New add-on {972ce4c6-7e08-4474-a285-3208198ce6fd} in app-global
1511592952461	addons.xpi	INFO	Mapping {972ce4c6-7e08-4474-a285-3208198ce6fd} to C:\Program Files\Mozilla Firefox\browser\extensions\{972ce4c6-7e08-4474-a285-3208198ce6fd}.xpi
1511592952462	addons.xpi	DEBUG	getInstallState changed: true, state: {}
1511592952462	addons.xpi	INFO	SystemAddonInstallLocation directory is missing
1511592952465	addons.xpi-utils	DEBUG	Opening XPI database C:\Users\informatics\AppData\Local\Temp\rust_mozprofile.1d4DXjy5iBSv\extensions.json
1511592952466	addons.xpi-utils	DEBUG	New add-on activity-stream@mozilla.org installed in app-system-defaults
*** Blocklist::_loadBlocklistFromFile: blocklist is disabled
1511592952478	DeferredSave.extensions.json	DEBUG	Save changes
1511592952479	addons.xpi-utils	DEBUG	New add-on aushelper@mozilla.org installed in app-system-defaults
1511592952480	DeferredSave.extensions.json	DEBUG	Starting timer
1511592952481	DeferredSave.extensions.json	DEBUG	Save changes
1511592952481	addons.xpi-utils	DEBUG	New add-on e10srollout@mozilla.org installed in app-system-defaults
1511592952483	DeferredSave.extensions.json	DEBUG	Save changes
1511592952483	addons.xpi-utils	DEBUG	New add-on firefox@getpocket.com installed in app-system-defaults
1511592952486	DeferredSave.extensions.json	DEBUG	Save changes
1511592952486	addons.xpi-utils	DEBUG	New add-on followonsearch@mozilla.com installed in app-system-defaults
1511592952487	DeferredSave.extensions.json	DEBUG	Save changes
1511592952487	addons.xpi-utils	DEBUG	New add-on formautofill@mozilla.org installed in app-system-defaults
1511592952489	DeferredSave.extensions.json	DEBUG	Save changes
1511592952489	addons.xpi-utils	DEBUG	New add-on onboarding@mozilla.org installed in app-system-defaults
1511592952491	DeferredSave.extensions.json	DEBUG	Save changes
1511592952491	addons.xpi-utils	DEBUG	New add-on screenshots@mozilla.org installed in app-system-defaults
1511592952493	DeferredSave.extensions.json	DEBUG	Save changes
1511592952493	addons.xpi-utils	DEBUG	New add-on shield-recipe-client@mozilla.org installed in app-system-defaults
1511592952495	DeferredSave.extensions.json	DEBUG	Save changes
1511592952495	addons.xpi-utils	DEBUG	New add-on webcompat@mozilla.org installed in app-system-defaults
1511592952496	DeferredSave.extensions.json	DEBUG	Save changes
1511592952496	addons.xpi-utils	DEBUG	New add-on {972ce4c6-7e08-4474-a285-3208198ce6fd} installed in app-global
1511592952499	DeferredSave.extensions.json	DEBUG	Save changes
1511592952499	addons.manager	DEBUG	Registering startup change 'installed' for activity-stream@mozilla.org
1511592952503	addons.xpi	DEBUG	Loading bootstrap scope from C:\Program Files\Mozilla Firefox\browser\features\activity-stream@mozilla.org.xpi
1511592952505	addons.xpi	DEBUG	Calling bootstrap method install on activity-stream@mozilla.org version 2017.11.07.1100-7f4e3634
1511592952505	addons.xpi-utils	DEBUG	Make addon app-system-defaults:activity-stream@mozilla.org visible
1511592952505	addons.xpi	DEBUG	Updating XPIState for {"id":"activity-stream@mozilla.org","syncGUID":"{1dadc764-d31b-4c6a-a465-7fb2c6062ee2}","location":"app-system-defaults","version":"2017.11.07.1100-7f4e3634","type":"extension","internalName":null,"updateURL":null,"updateKey":null,"optionsURL":null,"optionsType":null,"aboutURL":null,"defaultLocale":{"name":"Activity Stream","description":"A rich visual history feed and a reimagined home page make it easier than ever to find exactly what you're looking for in Firefox.","creator":null,"homepageURL":null},"visible":true,"active":false,"userDisabled":false,"appDisabled":false,"installDate":1510500117704,"updateDate":1510500117704,"applyBackgroundUpdates":1,"bootstrap":true,"path":"C:\\Program Files\\Mozilla Firefox\\browser\\features\\activity-stream@mozilla.org.xpi","skinnable":false,"size":1423180,"sourceURI":null,"releaseNotesURI":null,"softDisabled":false,"foreignInstall":false,"hasBinaryComponents":false,"strictCompatibility":false,"locales":[],"targetApplications":[{"id":"{ec8030f7-c20a-464f-9b0e-13a3a9e97384}","minVersion":"57.0","maxVersion":"57.*"}],"targetPlatforms":[],"multiprocessCompatible":true,"seen":true,"dependencies":[],"hasEmbeddedWebExtension":false,"mpcOptedOut":false,"userPermissions":null,"icons":{},"iconURL":null,"icon64URL":null,"blocklistState":0,"blocklistURL":null}
1511592952506	DeferredSave.extensions.json	DEBUG	Save changes
1511592952506	addons.manager	DEBUG	Registering startup change 'installed' for aushelper@mozilla.org
1511592952507	addons.xpi	DEBUG	Loading bootstrap scope from C:\Program Files\Mozilla Firefox\browser\features\aushelper@mozilla.org.xpi
1511592952508	addons.xpi	DEBUG	Calling bootstrap method install on aushelper@mozilla.org version 2.0
1511592952508	addons.xpi-utils	DEBUG	Make addon app-system-defaults:aushelper@mozilla.org visible
1511592952508	addons.xpi	DEBUG	Updating XPIState for {"id":"aushelper@mozilla.org","syncGUID":"{25006aac-c463-43a6-99d4-7da8efbffb19}","location":"app-system-defaults","version":"2.0","type":"extension","internalName":null,"updateURL":null,"updateKey":null,"optionsURL":null,"optionsType":null,"aboutURL":null,"defaultLocale":{"name":"Application Update Service Helper","description":"Sets value(s) in the update url based on custom checks.","creator":null,"homepageURL":null},"visible":true,"active":false,"userDisabled":false,"appDisabled":false,"installDate":1510500117098,"updateDate":1510500117098,"applyBackgroundUpdates":1,"bootstrap":true,"path":"C:\\Program Files\\Mozilla Firefox\\browser\\features\\aushelper@mozilla.org.xpi","skinnable":false,"size":8486,"sourceURI":null,"releaseNotesURI":null,"softDisabled":false,"foreignInstall":false,"hasBinaryComponents":false,"strictCompatibility":false,"locales":[],"targetApplications":[{"id":"{ec8030f7-c20a-464f-9b0e-13a3a9e97384}","minVersion":"57.0","maxVersion":"57.*"}],"targetPlatforms":[],"multiprocessCompatible":true,"seen":true,"dependencies":[],"hasEmbeddedWebExtension":false,"mpcOptedOut":false,"userPermissions":null,"icons":{},"iconURL":null,"icon64URL":null,"blocklistState":0,"blocklistURL":null}
1511592952508	DeferredSave.extensions.json	DEBUG	Save changes
1511592952508	addons.manager	DEBUG	Registering startup change 'installed' for e10srollout@mozilla.org
1511592952508	addons.xpi	DEBUG	Loading bootstrap scope from C:\Program Files\Mozilla Firefox\browser\features\e10srollout@mozilla.org.xpi
1511592952513	addons.xpi	DEBUG	Calling bootstrap method install on e10srollout@mozilla.org version 3.05
1511592952514	addons.xpi-utils	DEBUG	Make addon app-system-defaults:e10srollout@mozilla.org visible
1511592952514	addons.xpi	DEBUG	Updating XPIState for {"id":"e10srollout@mozilla.org","syncGUID":"{d4920828-c5af-4da8-ab5e-0eb054d103a4}","location":"app-system-defaults","version":"3.05","type":"extension","internalName":null,"updateURL":null,"updateKey":null,"optionsURL":null,"optionsType":null,"aboutURL":null,"defaultLocale":{"name":"Multi-process staged rollout","description":"Staged rollout of Firefox multi-process feature.","creator":null,"homepageURL":null},"visible":true,"active":false,"userDisabled":false,"appDisabled":false,"installDate":1510500117111,"updateDate":1510500117111,"applyBackgroundUpdates":1,"bootstrap":true,"path":"C:\\Program Files\\Mozilla Firefox\\browser\\features\\e10srollout@mozilla.org.xpi","skinnable":false,"size":13477,"sourceURI":null,"releaseNotesURI":null,"softDisabled":false,"foreignInstall":false,"hasBinaryComponents":false,"strictCompatibility":false,"locales":[],"targetApplications":[{"id":"{ec8030f7-c20a-464f-9b0e-13a3a9e97384}","minVersion":"57.0","maxVersion":"57.*"}],"targetPlatforms":[],"multiprocessCompatible":true,"seen":true,"dependencies":[],"hasEmbeddedWebExtension":false,"mpcOptedOut":false,"userPermissions":null,"icons":{},"iconURL":null,"icon64URL":null,"blocklistState":0,"blocklistURL":null}
1511592952514	DeferredSave.extensions.json	DEBUG	Save changes
1511592952514	addons.manager	DEBUG	Registering startup change 'installed' for firefox@getpocket.com
1511592952514	addons.xpi	DEBUG	Loading bootstrap scope from C:\Program Files\Mozilla Firefox\browser\features\firefox@getpocket.com.xpi
1511592952517	addons.xpi	DEBUG	Calling bootstrap method install on firefox@getpocket.com version 1.0.5
1511592952517	addons.xpi-utils	DEBUG	Make addon app-system-defaults:firefox@getpocket.com visible
1511592952517	addons.xpi	DEBUG	Updating XPIState for {"id":"firefox@getpocket.com","syncGUID":"{2452df50-211d-47e7-90db-7e570044abd1}","location":"app-system-defaults","version":"1.0.5","type":"extension","internalName":null,"updateURL":null,"updateKey":null,"optionsURL":null,"optionsType":null,"aboutURL":null,"defaultLocale":{"name":"Pocket","description":"When you find something you want to view later, put it in Pocket.","creator":null,"homepageURL":null},"visible":true,"active":false,"userDisabled":false,"appDisabled":false,"installDate":1510500117589,"updateDate":1510500117589,"applyBackgroundUpdates":1,"bootstrap":true,"path":"C:\\Program Files\\Mozilla Firefox\\browser\\features\\firefox@getpocket.com.xpi","skinnable":false,"size":916329,"sourceURI":null,"releaseNotesURI":null,"softDisabled":false,"foreignInstall":false,"hasBinaryComponents":false,"strictCompatibility":false,"locales":[],"targetApplications":[{"id":"{ec8030f7-c20a-464f-9b0e-13a3a9e97384}","minVersion":"57.0","maxVersion":"57.*"}],"targetPlatforms":[],"multiprocessCompatible":true,"seen":true,"dependencies":[],"hasEmbeddedWebExtension":false,"mpcOptedOut":false,"userPermissions":null,"icons":{},"iconURL":null,"icon64URL":null,"blocklistState":0,"blocklistURL":null}
1511592952517	DeferredSave.extensions.json	DEBUG	Save changes
1511592952517	addons.manager	DEBUG	Registering startup change 'installed' for followonsearch@mozilla.com
1511592952517	addons.xpi	DEBUG	Loading bootstrap scope from C:\Program Files\Mozilla Firefox\browser\features\followonsearch@mozilla.com.xpi
1511592952518	addons.xpi	DEBUG	Calling bootstrap method install on followonsearch@mozilla.com version 0.9.6
1511592952518	addons.xpi-utils	DEBUG	Make addon app-system-defaults:followonsearch@mozilla.com visible
1511592952518	addons.xpi	DEBUG	Updating XPIState for {"id":"followonsearch@mozilla.com","syncGUID":"{8b1c3fe1-5b2e-4c35-8b24-34a23c6f19c3}","location":"app-system-defaults","version":"0.9.6","type":"extension","internalName":null,"updateURL":null,"updateKey":null,"optionsURL":null,"optionsType":null,"aboutURL":null,"defaultLocale":{"name":"Follow-on Search Telemetry","description":null,"creator":null,"homepageURL":null},"visible":true,"active":false,"userDisabled":false,"appDisabled":false,"installDate":1510500117150,"updateDate":1510500117150,"applyBackgroundUpdates":1,"bootstrap":true,"path":"C:\\Program Files\\Mozilla Firefox\\browser\\features\\followonsearch@mozilla.com.xpi","skinnable":false,"size":18625,"sourceURI":null,"releaseNotesURI":null,"softDisabled":false,"foreignInstall":false,"hasBinaryComponents":false,"strictCompatibility":false,"locales":[],"targetApplications":[{"id":"{ec8030f7-c20a-464f-9b0e-13a3a9e97384}","minVersion":"52.0","maxVersion":"59.*"}],"targetPlatforms":[],"multiprocessCompatible":true,"seen":true,"dependencies":[],"hasEmbeddedWebExtension":false,"mpcOptedOut":false,"userPermissions":null,"icons":{},"iconURL":null,"icon64URL":null,"blocklistState":0,"blocklistURL":null}
1511592952519	DeferredSave.extensions.json	DEBUG	Save changes
1511592952519	addons.manager	DEBUG	Registering startup change 'installed' for formautofill@mozilla.org
1511592952519	addons.xpi	DEBUG	Loading bootstrap scope from C:\Program Files\Mozilla Firefox\browser\features\formautofill@mozilla.org.xpi
1511592952520	addons.xpi	DEBUG	Calling bootstrap method install on formautofill@mozilla.org version 1.0
1511592952520	addons.xpi-utils	DEBUG	Make addon app-system-defaults:formautofill@mozilla.org visible
1511592952520	addons.xpi	DEBUG	Updating XPIState for {"id":"formautofill@mozilla.org","syncGUID":"{5d0fdec2-e4d4-463b-b202-58f881bb8ba9}","location":"app-system-defaults","version":"1.0","type":"extension","internalName":null,"updateURL":null,"updateKey":null,"optionsURL":null,"optionsType":null,"aboutURL":null,"defaultLocale":{"name":"Form Autofill","description":"Autofill forms with saved profiles","creator":null,"homepageURL":null},"visible":true,"active":false,"userDisabled":false,"appDisabled":false,"installDate":1510500117485,"updateDate":1510500117485,"applyBackgroundUpdates":1,"bootstrap":true,"path":"C:\\Program Files\\Mozilla Firefox\\browser\\features\\formautofill@mozilla.org.xpi","skinnable":false,"size":380179,"sourceURI":null,"releaseNotesURI":null,"softDisabled":false,"foreignInstall":false,"hasBinaryComponents":false,"strictCompatibility":false,"locales":[],"targetApplications":[{"id":"{ec8030f7-c20a-464f-9b0e-13a3a9e97384}","minVersion":"57.0","maxVersion":"57.*"}],"targetPlatforms":[],"multiprocessCompatible":true,"seen":true,"dependencies":[],"hasEmbeddedWebExtension":false,"mpcOptedOut":false,"userPermissions":null,"icons":{},"iconURL":null,"icon64URL":null,"blocklistState":0,"blocklistURL":null}
1511592952521	DeferredSave.extensions.json	DEBUG	Save changes
1511592952521	addons.manager	DEBUG	Registering startup change 'installed' for onboarding@mozilla.org
1511592952521	addons.xpi	DEBUG	Loading bootstrap scope from C:\Program Files\Mozilla Firefox\browser\features\onboarding@mozilla.org.xpi
1511592952522	addons.xpi	DEBUG	Calling bootstrap method install on onboarding@mozilla.org version 1.0
1511592952522	addons.xpi-utils	DEBUG	Make addon app-system-defaults:onboarding@mozilla.org visible
1511592952522	addons.xpi	DEBUG	Updating XPIState for {"id":"onboarding@mozilla.org","syncGUID":"{d2325e67-3e19-4a13-ab51-94d72d7ab530}","location":"app-system-defaults","version":"1.0","type":"extension","internalName":null,"updateURL":null,"updateKey":null,"optionsURL":null,"optionsType":null,"aboutURL":null,"defaultLocale":{"name":"Photon onboarding","description":"Photon onboarding","creator":null,"homepageURL":null},"visible":true,"active":false,"userDisabled":false,"appDisabled":false,"installDate":1510500117461,"updateDate":1510500117461,"applyBackgroundUpdates":1,"bootstrap":true,"path":"C:\\Program Files\\Mozilla Firefox\\browser\\features\\onboarding@mozilla.org.xpi","skinnable":false,"size":556887,"sourceURI":null,"releaseNotesURI":null,"softDisabled":false,"foreignInstall":false,"hasBinaryComponents":false,"strictCompatibility":false,"locales":[],"targetApplications":[{"id":"{ec8030f7-c20a-464f-9b0e-13a3a9e97384}","minVersion":"57.0","maxVersion":"57.*"}],"targetPlatforms":[],"multiprocessCompatible":true,"seen":true,"dependencies":[],"hasEmbeddedWebExtension":false,"mpcOptedOut":false,"userPermissions":null,"icons":{},"iconURL":null,"icon64URL":null,"blocklistState":0,"blocklistURL":null}
1511592952523	DeferredSave.extensions.json	DEBUG	Save changes
1511592952523	addons.manager	DEBUG	Registering startup change 'installed' for screenshots@mozilla.org
1511592952523	addons.xpi	DEBUG	Loading bootstrap scope from C:\Program Files\Mozilla Firefox\browser\features\screenshots@mozilla.org.xpi
1511592952524	addons.xpi	DEBUG	Calling bootstrap method install on screenshots@mozilla.org version 19.2.0
1511592952524	addons.xpi-utils	DEBUG	Make addon app-system-defaults:screenshots@mozilla.org visible
1511592952524	addons.xpi	DEBUG	Updating XPIState for {"id":"screenshots@mozilla.org","syncGUID":"{831e207b-9d47-4b76-9c4e-183d77cb2632}","location":"app-system-defaults","version":"19.2.0","type":"extension","internalName":null,"updateURL":null,"updateKey":null,"optionsURL":null,"optionsType":null,"aboutURL":null,"defaultLocale":{"name":"Firefox Screenshots","description":null,"creator":null,"homepageURL":"https://screenshots.firefox.com/"},"visible":true,"active":false,"userDisabled":false,"appDisabled":false,"installDate":1510500127487,"updateDate":1510500127487,"applyBackgroundUpdates":1,"bootstrap":true,"path":"C:\\Program Files\\Mozilla Firefox\\browser\\features\\screenshots@mozilla.org.xpi","skinnable":false,"size":884473,"sourceURI":null,"releaseNotesURI":null,"softDisabled":false,"foreignInstall":false,"hasBinaryComponents":false,"strictCompatibility":false,"locales":[],"targetApplications":[{"id":"{ec8030f7-c20a-464f-9b0e-13a3a9e97384}","minVersion":"57.0a1","maxVersion":"*"}],"targetPlatforms":[],"multiprocessCompatible":true,"seen":true,"dependencies":[],"hasEmbeddedWebExtension":false,"mpcOptedOut":false,"userPermissions":null,"icons":{},"iconURL":null,"icon64URL":null,"blocklistState":0,"blocklistURL":null}
1511592952524	DeferredSave.extensions.json	DEBUG	Save changes
1511592952524	addons.manager	DEBUG	Registering startup change 'installed' for shield-recipe-client@mozilla.org
1511592952524	addons.xpi	DEBUG	Loading bootstrap scope from C:\Program Files\Mozilla Firefox\browser\features\shield-recipe-client@mozilla.org.xpi
1511592952527	addons.xpi	DEBUG	Calling bootstrap method install on shield-recipe-client@mozilla.org version 76.1
1511592952527	addons.xpi-utils	DEBUG	Make addon app-system-defaults:shield-recipe-client@mozilla.org visible
1511592952527	addons.xpi	DEBUG	Updating XPIState for {"id":"shield-recipe-client@mozilla.org","syncGUID":"{a9277929-003a-4f22-bd41-5c8d76858d37}","location":"app-system-defaults","version":"76.1","type":"extension","internalName":null,"updateURL":null,"updateKey":null,"optionsURL":null,"optionsType":null,"aboutURL":null,"defaultLocale":{"name":"Shield Recipe Client","description":"Client to download and run recipes for SHIELD, Heartbeat, etc.","creator":null,"homepageURL":null},"visible":true,"active":false,"userDisabled":false,"appDisabled":false,"installDate":1510500117830,"updateDate":1510500117830,"applyBackgroundUpdates":1,"bootstrap":true,"path":"C:\\Program Files\\Mozilla Firefox\\browser\\features\\shield-recipe-client@mozilla.org.xpi","skinnable":false,"size":364000,"sourceURI":null,"releaseNotesURI":null,"softDisabled":false,"foreignInstall":false,"hasBinaryComponents":false,"strictCompatibility":false,"locales":[],"targetApplications":[{"id":"{ec8030f7-c20a-464f-9b0e-13a3a9e97384}","minVersion":"57.0","maxVersion":"57.*"}],"targetPlatforms":[],"multiprocessCompatible":true,"seen":true,"dependencies":[],"hasEmbeddedWebExtension":false,"mpcOptedOut":false,"userPermissions":null,"icons":{},"iconURL":null,"icon64URL":null,"blocklistState":0,"blocklistURL":null}
1511592952527	DeferredSave.extensions.json	DEBUG	Save changes
1511592952527	addons.manager	DEBUG	Registering startup change 'installed' for webcompat@mozilla.org
1511592952528	addons.xpi	DEBUG	Loading bootstrap scope from C:\Program Files\Mozilla Firefox\browser\features\webcompat@mozilla.org.xpi
1511592952528	addons.xpi	DEBUG	Calling bootstrap method install on webcompat@mozilla.org version 1.1
1511592952528	addons.xpi-utils	DEBUG	Make addon app-system-defaults:webcompat@mozilla.org visible
1511592952529	addons.xpi	DEBUG	Updating XPIState for {"id":"webcompat@mozilla.org","syncGUID":"{3e97a5a4-c6e5-4f33-aae6-d8bab93e7bda}","location":"app-system-defaults","version":"1.1","type":"extension","internalName":null,"updateURL":null,"updateKey":null,"optionsURL":null,"optionsType":null,"aboutURL":null,"defaultLocale":{"name":"Web Compat","description":"Urgent post-release fixes for web compatibility.","creator":null,"homepageURL":null},"visible":true,"active":false,"userDisabled":false,"appDisabled":false,"installDate":1510500117634,"updateDate":1510500117634,"applyBackgroundUpdates":1,"bootstrap":true,"path":"C:\\Program Files\\Mozilla Firefox\\browser\\features\\webcompat@mozilla.org.xpi","skinnable":false,"size":9266,"sourceURI":null,"releaseNotesURI":null,"softDisabled":false,"foreignInstall":false,"hasBinaryComponents":false,"strictCompatibility":false,"locales":[],"targetApplications":[{"id":"{ec8030f7-c20a-464f-9b0e-13a3a9e97384}","minVersion":"57.0","maxVersion":"57.*"}],"targetPlatforms":[],"multiprocessCompatible":true,"seen":true,"dependencies":[],"hasEmbeddedWebExtension":false,"mpcOptedOut":false,"userPermissions":null,"icons":{},"iconURL":null,"icon64URL":null,"blocklistState":0,"blocklistURL":null}
1511592952529	DeferredSave.extensions.json	DEBUG	Save changes
1511592952529	addons.xpi-utils	DEBUG	Make addon app-global:{972ce4c6-7e08-4474-a285-3208198ce6fd} visible
1511592952529	addons.xpi	DEBUG	Updating XPIState for {"id":"{972ce4c6-7e08-4474-a285-3208198ce6fd}","syncGUID":"{14f9d221-8b77-454b-a469-5e73d1858ba7}","location":"app-global","version":"57.0","type":"theme","internalName":"classic/1.0","updateURL":null,"updateKey":null,"optionsURL":null,"optionsType":null,"optionsBrowserStyle":null,"aboutURL":null,"defaultLocale":{"name":"Default","description":"The default theme.","creator":"Mozilla","homepageURL":null,"contributors":["Mozilla Contributors"]},"visible":true,"active":false,"userDisabled":false,"appDisabled":false,"installDate":1510500117104,"updateDate":1510500117104,"applyBackgroundUpdates":1,"path":"C:\\Program Files\\Mozilla Firefox\\browser\\extensions\\{972ce4c6-7e08-4474-a285-3208198ce6fd}.xpi","skinnable":true,"size":3348,"sourceURI":null,"releaseNotesURI":null,"softDisabled":false,"foreignInstall":false,"hasBinaryComponents":false,"strictCompatibility":true,"locales":[],"targetApplications":[{"id":"{ec8030f7-c20a-464f-9b0e-13a3a9e97384}","minVersion":"57.0","maxVersion":"57.0"}],"targetPlatforms":[],"seen":true,"dependencies":[],"hasEmbeddedWebExtension":false,"userPermissions":null,"icons":{},"iconURL":"chrome://browser/content/default-theme-icon.svg","icon64URL":null,"blocklistState":0,"blocklistURL":null}
1511592952530	DeferredSave.extensions.json	DEBUG	Save changes
1511592952530	addons.xpi	DEBUG	Updating XPIState for {"id":"activity-stream@mozilla.org","syncGUID":"{1dadc764-d31b-4c6a-a465-7fb2c6062ee2}","location":"app-system-defaults","version":"2017.11.07.1100-7f4e3634","type":"extension","internalName":null,"updateURL":null,"updateKey":null,"optionsURL":null,"optionsType":null,"aboutURL":null,"defaultLocale":{"name":"Activity Stream","description":"A rich visual history feed and a reimagined home page make it easier than ever to find exactly what you're looking for in Firefox.","creator":null,"homepageURL":null},"visible":true,"active":true,"userDisabled":false,"appDisabled":false,"installDate":1510500117704,"updateDate":1510500117704,"applyBackgroundUpdates":1,"bootstrap":true,"path":"C:\\Program Files\\Mozilla Firefox\\browser\\features\\activity-stream@mozilla.org.xpi","skinnable":false,"size":1423180,"sourceURI":null,"releaseNotesURI":null,"softDisabled":false,"foreignInstall":false,"hasBinaryComponents":false,"strictCompatibility":false,"locales":[],"targetApplications":[{"id":"{ec8030f7-c20a-464f-9b0e-13a3a9e97384}","minVersion":"57.0","maxVersion":"57.*"}],"targetPlatforms":[],"multiprocessCompatible":true,"seen":true,"dependencies":[],"hasEmbeddedWebExtension":false,"mpcOptedOut":false,"userPermissions":null,"icons":{},"iconURL":null,"icon64URL":null,"blocklistState":0,"blocklistURL":null}
1511592952531	addons.xpi	DEBUG	Updating XPIState for {"id":"aushelper@mozilla.org","syncGUID":"{25006aac-c463-43a6-99d4-7da8efbffb19}","location":"app-system-defaults","version":"2.0","type":"extension","internalName":null,"updateURL":null,"updateKey":null,"optionsURL":null,"optionsType":null,"aboutURL":null,"defaultLocale":{"name":"Application Update Service Helper","description":"Sets value(s) in the update url based on custom checks.","creator":null,"homepageURL":null},"visible":true,"active":true,"userDisabled":false,"appDisabled":false,"installDate":1510500117098,"updateDate":1510500117098,"applyBackgroundUpdates":1,"bootstrap":true,"path":"C:\\Program Files\\Mozilla Firefox\\browser\\features\\aushelper@mozilla.org.xpi","skinnable":false,"size":8486,"sourceURI":null,"releaseNotesURI":null,"softDisabled":false,"foreignInstall":false,"hasBinaryComponents":false,"strictCompatibility":false,"locales":[],"targetApplications":[{"id":"{ec8030f7-c20a-464f-9b0e-13a3a9e97384}","minVersion":"57.0","maxVersion":"57.*"}],"targetPlatforms":[],"multiprocessCompatible":true,"seen":true,"dependencies":[],"hasEmbeddedWebExtension":false,"mpcOptedOut":false,"userPermissions":null,"icons":{},"iconURL":null,"icon64URL":null,"blocklistState":0,"blocklistURL":null}
1511592952531	addons.xpi	DEBUG	Updating XPIState for {"id":"e10srollout@mozilla.org","syncGUID":"{d4920828-c5af-4da8-ab5e-0eb054d103a4}","location":"app-system-defaults","version":"3.05","type":"extension","internalName":null,"updateURL":null,"updateKey":null,"optionsURL":null,"optionsType":null,"aboutURL":null,"defaultLocale":{"name":"Multi-process staged rollout","description":"Staged rollout of Firefox multi-process feature.","creator":null,"homepageURL":null},"visible":true,"active":true,"userDisabled":false,"appDisabled":false,"installDate":1510500117111,"updateDate":1510500117111,"applyBackgroundUpdates":1,"bootstrap":true,"path":"C:\\Program Files\\Mozilla Firefox\\browser\\features\\e10srollout@mozilla.org.xpi","skinnable":false,"size":13477,"sourceURI":null,"releaseNotesURI":null,"softDisabled":false,"foreignInstall":false,"hasBinaryComponents":false,"strictCompatibility":false,"locales":[],"targetApplications":[{"id":"{ec8030f7-c20a-464f-9b0e-13a3a9e97384}","minVersion":"57.0","maxVersion":"57.*"}],"targetPlatforms":[],"multiprocessCompatible":true,"seen":true,"dependencies":[],"hasEmbeddedWebExtension":false,"mpcOptedOut":false,"userPermissions":null,"icons":{},"iconURL":null,"icon64URL":null,"blocklistState":0,"blocklistURL":null}
1511592952531	addons.xpi	DEBUG	Updating XPIState for {"id":"firefox@getpocket.com","syncGUID":"{2452df50-211d-47e7-90db-7e570044abd1}","location":"app-system-defaults","version":"1.0.5","type":"extension","internalName":null,"updateURL":null,"updateKey":null,"optionsURL":null,"optionsType":null,"aboutURL":null,"defaultLocale":{"name":"Pocket","description":"When you find something you want to view later, put it in Pocket.","creator":null,"homepageURL":null},"visible":true,"active":true,"userDisabled":false,"appDisabled":false,"installDate":1510500117589,"updateDate":1510500117589,"applyBackgroundUpdates":1,"bootstrap":true,"path":"C:\\Program Files\\Mozilla Firefox\\browser\\features\\firefox@getpocket.com.xpi","skinnable":false,"size":916329,"sourceURI":null,"releaseNotesURI":null,"softDisabled":false,"foreignInstall":false,"hasBinaryComponents":false,"strictCompatibility":false,"locales":[],"targetApplications":[{"id":"{ec8030f7-c20a-464f-9b0e-13a3a9e97384}","minVersion":"57.0","maxVersion":"57.*"}],"targetPlatforms":[],"multiprocessCompatible":true,"seen":true,"dependencies":[],"hasEmbeddedWebExtension":false,"mpcOptedOut":false,"userPermissions":null,"icons":{},"iconURL":null,"icon64URL":null,"blocklistState":0,"blocklistURL":null}
1511592952531	addons.xpi	DEBUG	Updating XPIState for {"id":"followonsearch@mozilla.com","syncGUID":"{8b1c3fe1-5b2e-4c35-8b24-34a23c6f19c3}","location":"app-system-defaults","version":"0.9.6","type":"extension","internalName":null,"updateURL":null,"updateKey":null,"optionsURL":null,"optionsType":null,"aboutURL":null,"defaultLocale":{"name":"Follow-on Search Telemetry","description":null,"creator":null,"homepageURL":null},"visible":true,"active":true,"userDisabled":false,"appDisabled":false,"installDate":1510500117150,"updateDate":1510500117150,"applyBackgroundUpdates":1,"bootstrap":true,"path":"C:\\Program Files\\Mozilla Firefox\\browser\\features\\followonsearch@mozilla.com.xpi","skinnable":false,"size":18625,"sourceURI":null,"releaseNotesURI":null,"softDisabled":false,"foreignInstall":false,"hasBinaryComponents":false,"strictCompatibility":false,"locales":[],"targetApplications":[{"id":"{ec8030f7-c20a-464f-9b0e-13a3a9e97384}","minVersion":"52.0","maxVersion":"59.*"}],"targetPlatforms":[],"multiprocessCompatible":true,"seen":true,"dependencies":[],"hasEmbeddedWebExtension":false,"mpcOptedOut":false,"userPermissions":null,"icons":{},"iconURL":null,"icon64URL":null,"blocklistState":0,"blocklistURL":null}
1511592952531	addons.xpi	DEBUG	Updating XPIState for {"id":"formautofill@mozilla.org","syncGUID":"{5d0fdec2-e4d4-463b-b202-58f881bb8ba9}","location":"app-system-defaults","version":"1.0","type":"extension","internalName":null,"updateURL":null,"updateKey":null,"optionsURL":null,"optionsType":null,"aboutURL":null,"defaultLocale":{"name":"Form Autofill","description":"Autofill forms with saved profiles","creator":null,"homepageURL":null},"visible":true,"active":true,"userDisabled":false,"appDisabled":false,"installDate":1510500117485,"updateDate":1510500117485,"applyBackgroundUpdates":1,"bootstrap":true,"path":"C:\\Program Files\\Mozilla Firefox\\browser\\features\\formautofill@mozilla.org.xpi","skinnable":false,"size":380179,"sourceURI":null,"releaseNotesURI":null,"softDisabled":false,"foreignInstall":false,"hasBinaryComponents":false,"strictCompatibility":false,"locales":[],"targetApplications":[{"id":"{ec8030f7-c20a-464f-9b0e-13a3a9e97384}","minVersion":"57.0","maxVersion":"57.*"}],"targetPlatforms":[],"multiprocessCompatible":true,"seen":true,"dependencies":[],"hasEmbeddedWebExtension":false,"mpcOptedOut":false,"userPermissions":null,"icons":{},"iconURL":null,"icon64URL":null,"blocklistState":0,"blocklistURL":null}
1511592952531	addons.xpi	DEBUG	Updating XPIState for {"id":"onboarding@mozilla.org","syncGUID":"{d2325e67-3e19-4a13-ab51-94d72d7ab530}","location":"app-system-defaults","version":"1.0","type":"extension","internalName":null,"updateURL":null,"updateKey":null,"optionsURL":null,"optionsType":null,"aboutURL":null,"defaultLocale":{"name":"Photon onboarding","description":"Photon onboarding","creator":null,"homepageURL":null},"visible":true,"active":true,"userDisabled":false,"appDisabled":false,"installDate":1510500117461,"updateDate":1510500117461,"applyBackgroundUpdates":1,"bootstrap":true,"path":"C:\\Program Files\\Mozilla Firefox\\browser\\features\\onboarding@mozilla.org.xpi","skinnable":false,"size":556887,"sourceURI":null,"releaseNotesURI":null,"softDisabled":false,"foreignInstall":false,"hasBinaryComponents":false,"strictCompatibility":false,"locales":[],"targetApplications":[{"id":"{ec8030f7-c20a-464f-9b0e-13a3a9e97384}","minVersion":"57.0","maxVersion":"57.*"}],"targetPlatforms":[],"multiprocessCompatible":true,"seen":true,"dependencies":[],"hasEmbeddedWebExtension":false,"mpcOptedOut":false,"userPermissions":null,"icons":{},"iconURL":null,"icon64URL":null,"blocklistState":0,"blocklistURL":null}
1511592952531	addons.xpi	DEBUG	Updating XPIState for {"id":"screenshots@mozilla.org","syncGUID":"{831e207b-9d47-4b76-9c4e-183d77cb2632}","location":"app-system-defaults","version":"19.2.0","type":"extension","internalName":null,"updateURL":null,"updateKey":null,"optionsURL":null,"optionsType":null,"aboutURL":null,"defaultLocale":{"name":"Firefox Screenshots","description":null,"creator":null,"homepageURL":"https://screenshots.firefox.com/"},"visible":true,"active":true,"userDisabled":false,"appDisabled":false,"installDate":1510500127487,"updateDate":1510500127487,"applyBackgroundUpdates":1,"bootstrap":true,"path":"C:\\Program Files\\Mozilla Firefox\\browser\\features\\screenshots@mozilla.org.xpi","skinnable":false,"size":884473,"sourceURI":null,"releaseNotesURI":null,"softDisabled":false,"foreignInstall":false,"hasBinaryComponents":false,"strictCompatibility":false,"locales":[],"targetApplications":[{"id":"{ec8030f7-c20a-464f-9b0e-13a3a9e97384}","minVersion":"57.0a1","maxVersion":"*"}],"targetPlatforms":[],"multiprocessCompatible":true,"seen":true,"dependencies":[],"hasEmbeddedWebExtension":false,"mpcOptedOut":false,"userPermissions":null,"icons":{},"iconURL":null,"icon64URL":null,"blocklistState":0,"blocklistURL":null}
1511592952531	addons.xpi	DEBUG	Updating XPIState for {"id":"shield-recipe-client@mozilla.org","syncGUID":"{a9277929-003a-4f22-bd41-5c8d76858d37}","location":"app-system-defaults","version":"76.1","type":"extension","internalName":null,"updateURL":null,"updateKey":null,"optionsURL":null,"optionsType":null,"aboutURL":null,"defaultLocale":{"name":"Shield Recipe Client","description":"Client to download and run recipes for SHIELD, Heartbeat, etc.","creator":null,"homepageURL":null},"visible":true,"active":true,"userDisabled":false,"appDisabled":false,"installDate":1510500117830,"updateDate":1510500117830,"applyBackgroundUpdates":1,"bootstrap":true,"path":"C:\\Program Files\\Mozilla Firefox\\browser\\features\\shield-recipe-client@mozilla.org.xpi","skinnable":false,"size":364000,"sourceURI":null,"releaseNotesURI":null,"softDisabled":false,"foreignInstall":false,"hasBinaryComponents":false,"strictCompatibility":false,"locales":[],"targetApplications":[{"id":"{ec8030f7-c20a-464f-9b0e-13a3a9e97384}","minVersion":"57.0","maxVersion":"57.*"}],"targetPlatforms":[],"multiprocessCompatible":true,"seen":true,"dependencies":[],"hasEmbeddedWebExtension":false,"mpcOptedOut":false,"userPermissions":null,"icons":{},"iconURL":null,"icon64URL":null,"blocklistState":0,"blocklistURL":null}
1511592952531	addons.xpi	DEBUG	Updating XPIState for {"id":"webcompat@mozilla.org","syncGUID":"{3e97a5a4-c6e5-4f33-aae6-d8bab93e7bda}","location":"app-system-defaults","version":"1.1","type":"extension","internalName":null,"updateURL":null,"updateKey":null,"optionsURL":null,"optionsType":null,"aboutURL":null,"defaultLocale":{"name":"Web Compat","description":"Urgent post-release fixes for web compatibility.","creator":null,"homepageURL":null},"visible":true,"active":true,"userDisabled":false,"appDisabled":false,"installDate":1510500117634,"updateDate":1510500117634,"applyBackgroundUpdates":1,"bootstrap":true,"path":"C:\\Program Files\\Mozilla Firefox\\browser\\features\\webcompat@mozilla.org.xpi","skinnable":false,"size":9266,"sourceURI":null,"releaseNotesURI":null,"softDisabled":false,"foreignInstall":false,"hasBinaryComponents":false,"strictCompatibility":false,"locales":[],"targetApplications":[{"id":"{ec8030f7-c20a-464f-9b0e-13a3a9e97384}","minVersion":"57.0","maxVersion":"57.*"}],"targetPlatforms":[],"multiprocessCompatible":true,"seen":true,"dependencies":[],"hasEmbeddedWebExtension":false,"mpcOptedOut":false,"userPermissions":null,"icons":{},"iconURL":null,"icon64URL":null,"blocklistState":0,"blocklistURL":null}
1511592952531	addons.xpi	DEBUG	Updating XPIState for {"id":"{972ce4c6-7e08-4474-a285-3208198ce6fd}","syncGUID":"{14f9d221-8b77-454b-a469-5e73d1858ba7}","location":"app-global","version":"57.0","type":"theme","internalName":"classic/1.0","updateURL":null,"updateKey":null,"optionsURL":null,"optionsType":null,"optionsBrowserStyle":null,"aboutURL":null,"defaultLocale":{"name":"Default","description":"The default theme.","creator":"Mozilla","homepageURL":null,"contributors":["Mozilla Contributors"]},"visible":true,"active":true,"userDisabled":false,"appDisabled":false,"installDate":1510500117104,"updateDate":1510500117104,"applyBackgroundUpdates":1,"path":"C:\\Program Files\\Mozilla Firefox\\browser\\extensions\\{972ce4c6-7e08-4474-a285-3208198ce6fd}.xpi","skinnable":true,"size":3348,"sourceURI":null,"releaseNotesURI":null,"softDisabled":false,"foreignInstall":false,"hasBinaryComponents":false,"strictCompatibility":true,"locales":[],"targetApplications":[{"id":"{ec8030f7-c20a-464f-9b0e-13a3a9e97384}","minVersion":"57.0","maxVersion":"57.0"}],"targetPlatforms":[],"seen":true,"dependencies":[],"hasEmbeddedWebExtension":false,"userPermissions":null,"icons":{},"iconURL":"chrome://browser/content/default-theme-icon.svg","icon64URL":null,"blocklistState":0,"blocklistURL":null}
1511592952531	DeferredSave.extensions.json	DEBUG	Save changes
1511592952531	addons.xpi	DEBUG	Updating database with changes to installed add-ons
1511592952531	addons.xpi-utils	DEBUG	Updating add-on states
1511592952535	addons.xpi	DEBUG	Registering manifest for C:\Program Files\Mozilla Firefox\browser\features\activity-stream@mozilla.org.xpi
1511592952535	addons.xpi	DEBUG	Calling bootstrap method startup on activity-stream@mozilla.org version 2017.11.07.1100-7f4e3634
1511592952536	addons.xpi	DEBUG	Registering manifest for C:\Program Files\Mozilla Firefox\browser\features\aushelper@mozilla.org.xpi
1511592952536	addons.xpi	DEBUG	Calling bootstrap method startup on aushelper@mozilla.org version 2.0
1511592952537	addons.xpi	DEBUG	Registering manifest for C:\Program Files\Mozilla Firefox\browser\features\e10srollout@mozilla.org.xpi
1511592952537	addons.xpi	DEBUG	Calling bootstrap method startup on e10srollout@mozilla.org version 3.05
1511592952537	addons.xpi	DEBUG	Registering manifest for C:\Program Files\Mozilla Firefox\browser\features\firefox@getpocket.com.xpi
1511592952537	addons.xpi	DEBUG	Calling bootstrap method startup on firefox@getpocket.com version 1.0.5
1511592952542	addons.xpi	DEBUG	Registering manifest for C:\Program Files\Mozilla Firefox\browser\features\followonsearch@mozilla.com.xpi
1511592952542	addons.xpi	DEBUG	Calling bootstrap method startup on followonsearch@mozilla.com version 0.9.6
1511592952542	addons.xpi	DEBUG	Registering manifest for C:\Program Files\Mozilla Firefox\browser\features\formautofill@mozilla.org.xpi
1511592952542	addons.xpi	DEBUG	Calling bootstrap method startup on formautofill@mozilla.org version 1.0
1511592952543	addons.xpi	DEBUG	Registering manifest for C:\Program Files\Mozilla Firefox\browser\features\onboarding@mozilla.org.xpi
1511592952543	addons.xpi	DEBUG	Calling bootstrap method startup on onboarding@mozilla.org version 1.0
1511592952543	addons.xpi	DEBUG	Registering manifest for C:\Program Files\Mozilla Firefox\browser\features\screenshots@mozilla.org.xpi
1511592952543	addons.xpi	DEBUG	Calling bootstrap method startup on screenshots@mozilla.org version 19.2.0
1511592952543	addons.xpi	DEBUG	Registering manifest for C:\Program Files\Mozilla Firefox\browser\features\shield-recipe-client@mozilla.org.xpi
1511592952543	addons.xpi	DEBUG	Calling bootstrap method startup on shield-recipe-client@mozilla.org version 76.1
1511592952547	addons.xpi	DEBUG	Registering manifest for C:\Program Files\Mozilla Firefox\browser\features\webcompat@mozilla.org.xpi
1511592952547	addons.xpi	DEBUG	Calling bootstrap method startup on webcompat@mozilla.org version 1.1
1511592952549	addons.manager	DEBUG	Registering shutdown blocker for XPIProvider
1511592952549	addons.manager	DEBUG	Provider finished startup: XPIProvider
1511592952549	addons.manager	DEBUG	Starting provider: LightweightThemeManager
1511592952549	addons.manager	DEBUG	Registering shutdown blocker for LightweightThemeManager
1511592952549	addons.manager	DEBUG	Provider finished startup: LightweightThemeManager
1511592952549	addons.manager	DEBUG	Starting provider: GMPProvider
1511592952551	addons.manager	DEBUG	Registering shutdown blocker for GMPProvider
1511592952552	addons.manager	DEBUG	Provider finished startup: GMPProvider
1511592952552	addons.manager	DEBUG	Starting provider: PluginProvider
1511592952552	addons.manager	DEBUG	Registering shutdown blocker for PluginProvider
1511592952552	addons.manager	DEBUG	Provider finished startup: PluginProvider
1511592952552	addons.manager	DEBUG	Completed startup sequence
1511592952607	Marionette	INFO	Enabled via --marionette
1511592952662	addons.manager	DEBUG	Starting provider: PreviousExperimentProvider
1511592952662	addons.manager	DEBUG	Registering shutdown blocker for PreviousExperimentProvider
1511592952662	addons.manager	DEBUG	Provider finished startup: PreviousExperimentProvider
1511592953079	DeferredSave.extensions.json	DEBUG	Starting write
Unable to read VR Path Registry from C:\Users\informatics\AppData\Local\openvr\openvrpaths.vrpath
[Child 5636, Chrome_ChildThread] WARNING: pipe error: 109: file z:/build/build/src/ipc/chromium/src/chrome/common/ipc_channel_win.cc, line 346
[Child 5636, Chrome_ChildThread] WARNING: pipe error: 109: file z:/build/build/src/ipc/chromium/src/chrome/common/ipc_channel_win.cc, line 346
1511592953099	DeferredSave.webext.sc.lz4	DEBUG	Save changes
1511592953099	DeferredSave.webext.sc.lz4	DEBUG	Starting timer
1511592953126	DeferredSave.webext.sc.lz4	DEBUG	Save changes
1511592953149	DeferredSave.webext.sc.lz4	DEBUG	Save changes
1511592953150	DeferredSave.webext.sc.lz4	DEBUG	Save changes
1511592953150	DeferredSave.webext.sc.lz4	DEBUG	Save changes
1511592953150	DeferredSave.webext.sc.lz4	DEBUG	Save changes
1511592953151	DeferredSave.webext.sc.lz4	DEBUG	Save changes
1511592953156	DeferredSave.webext.sc.lz4	DEBUG	Save changes
1511592953157	DeferredSave.webext.sc.lz4	DEBUG	Save changes
1511592953157	DeferredSave.webext.sc.lz4	DEBUG	Save changes
1511592953158	DeferredSave.webext.sc.lz4	DEBUG	Save changes
1511592953158	DeferredSave.webext.sc.lz4	DEBUG	Save changes
1511592953159	DeferredSave.webext.sc.lz4	DEBUG	Save changes
1511592953159	DeferredSave.webext.sc.lz4	DEBUG	Save changes
1511592953160	DeferredSave.webext.sc.lz4	DEBUG	Save changes
1511592953161	DeferredSave.webext.sc.lz4	DEBUG	Save changes
1511592953161	DeferredSave.webext.sc.lz4	DEBUG	Save changes
1511592953162	DeferredSave.webext.sc.lz4	DEBUG	Save changes
1511592953162	DeferredSave.webext.sc.lz4	DEBUG	Save changes
1511592953163	DeferredSave.webext.sc.lz4	DEBUG	Save changes
1511592953163	DeferredSave.webext.sc.lz4	DEBUG	Save changes
1511592953163	DeferredSave.webext.sc.lz4	DEBUG	Save changes
1511592953164	DeferredSave.webext.sc.lz4	DEBUG	Save changes
1511592953164	DeferredSave.webext.sc.lz4	DEBUG	Save changes
1511592953166	DeferredSave.webext.sc.lz4	DEBUG	Save changes
1511592953166	DeferredSave.webext.sc.lz4	DEBUG	Save changes
1511592953167	DeferredSave.webext.sc.lz4	DEBUG	Save changes
1511592953167	DeferredSave.webext.sc.lz4	DEBUG	Save changes
1511592953167	DeferredSave.webext.sc.lz4	DEBUG	Save changes
1511592953167	DeferredSave.webext.sc.lz4	DEBUG	Save changes
1511592953168	DeferredSave.webext.sc.lz4	DEBUG	Save changes
1511592953168	DeferredSave.webext.sc.lz4	DEBUG	Save changes
1511592953169	DeferredSave.webext.sc.lz4	DEBUG	Save changes
1511592953170	DeferredSave.webext.sc.lz4	DEBUG	Save changes
1511592953170	DeferredSave.webext.sc.lz4	DEBUG	Save changes
1511592953171	DeferredSave.webext.sc.lz4	DEBUG	Save changes
1511592953171	DeferredSave.webext.sc.lz4	DEBUG	Save changes
1511592953172	DeferredSave.webext.sc.lz4	DEBUG	Save changes
1511592953172	DeferredSave.webext.sc.lz4	DEBUG	Save changes
1511592953172	DeferredSave.webext.sc.lz4	DEBUG	Save changes
1511592953173	DeferredSave.webext.sc.lz4	DEBUG	Save changes
1511592953173	DeferredSave.webext.sc.lz4	DEBUG	Save changes
1511592953173	DeferredSave.webext.sc.lz4	DEBUG	Save changes
1511592953174	DeferredSave.webext.sc.lz4	DEBUG	Save changes
1511592953174	DeferredSave.webext.sc.lz4	DEBUG	Save changes
1511592953175	DeferredSave.webext.sc.lz4	DEBUG	Save changes
1511592953176	DeferredSave.webext.sc.lz4	DEBUG	Save changes
1511592953176	DeferredSave.webext.sc.lz4	DEBUG	Save changes
1511592953177	DeferredSave.webext.sc.lz4	DEBUG	Save changes
1511592953179	DeferredSave.webext.sc.lz4	DEBUG	Save changes
1511592953179	DeferredSave.webext.sc.lz4	DEBUG	Save changes
1511592953180	DeferredSave.webext.sc.lz4	DEBUG	Save changes
1511592953181	DeferredSave.extensions.json	DEBUG	Write succeeded
1511592953181	addons.xpi-utils	DEBUG	XPI Database saved, setting schema version preference to 23
1511592953183	DeferredSave.webext.sc.lz4	DEBUG	Save changes
1511592953184	DeferredSave.webext.sc.lz4	DEBUG	Save changes
1511592953204	DeferredSave.webext.sc.lz4	DEBUG	Save changes
1511592953204	DeferredSave.webext.sc.lz4	DEBUG	Save changes
1511592953262	addons.xpi	INFO	Mapping activity-stream@mozilla.org to C:\Program Files\Mozilla Firefox\browser\features\activity-stream@mozilla.org.xpi
1511592953262	addons.xpi	INFO	Mapping aushelper@mozilla.org to C:\Program Files\Mozilla Firefox\browser\features\aushelper@mozilla.org.xpi
1511592953262	addons.xpi	INFO	Mapping e10srollout@mozilla.org to C:\Program Files\Mozilla Firefox\browser\features\e10srollout@mozilla.org.xpi
1511592953262	addons.xpi	INFO	Mapping firefox@getpocket.com to C:\Program Files\Mozilla Firefox\browser\features\firefox@getpocket.com.xpi
1511592953262	addons.xpi	INFO	Mapping followonsearch@mozilla.com to C:\Program Files\Mozilla Firefox\browser\features\followonsearch@mozilla.com.xpi
1511592953262	addons.xpi	INFO	Mapping formautofill@mozilla.org to C:\Program Files\Mozilla Firefox\browser\features\formautofill@mozilla.org.xpi
1511592953262	addons.xpi	INFO	Mapping onboarding@mozilla.org to C:\Program Files\Mozilla Firefox\browser\features\onboarding@mozilla.org.xpi
1511592953262	addons.xpi	INFO	Mapping screenshots@mozilla.org to C:\Program Files\Mozilla Firefox\browser\features\screenshots@mozilla.org.xpi
1511592953262	addons.xpi	INFO	Mapping shield-recipe-client@mozilla.org to C:\Program Files\Mozilla Firefox\browser\features\shield-recipe-client@mozilla.org.xpi
1511592953262	addons.xpi	INFO	Mapping webcompat@mozilla.org to C:\Program Files\Mozilla Firefox\browser\features\webcompat@mozilla.org.xpi
1511592953262	addons.xpi	DEBUG	Existing add-on activity-stream@mozilla.org in app-system-defaults
1511592953262	addons.xpi	DEBUG	Existing add-on aushelper@mozilla.org in app-system-defaults
1511592953263	addons.xpi	DEBUG	Existing add-on e10srollout@mozilla.org in app-system-defaults
1511592953263	addons.xpi	DEBUG	Existing add-on firefox@getpocket.com in app-system-defaults
1511592953263	addons.xpi	DEBUG	Existing add-on followonsearch@mozilla.com in app-system-defaults
1511592953263	addons.xpi	DEBUG	Existing add-on formautofill@mozilla.org in app-system-defaults
1511592953263	addons.xpi	DEBUG	Existing add-on onboarding@mozilla.org in app-system-defaults
1511592953263	addons.xpi	DEBUG	Existing add-on screenshots@mozilla.org in app-system-defaults
1511592953263	addons.xpi	DEBUG	Existing add-on shield-recipe-client@mozilla.org in app-system-defaults
1511592953263	addons.xpi	DEBUG	Existing add-on webcompat@mozilla.org in app-system-defaults
1511592953264	addons.xpi	INFO	Mapping {972ce4c6-7e08-4474-a285-3208198ce6fd} to C:\Program Files\Mozilla Firefox\browser\extensions\{972ce4c6-7e08-4474-a285-3208198ce6fd}.xpi
1511592953264	addons.xpi	DEBUG	Existing add-on {972ce4c6-7e08-4474-a285-3208198ce6fd} in app-global
1511592953264	addons.xpi	DEBUG	getInstallState changed: false, state: {}
1511592953392	Marionette	INFO	Listening on port 50061
1511592953857	Marionette	WARN	TLS certificate errors will be ignored for this session
1511592953892	Marionette	DEBUG	Register listener.js for window 4294967297
1511592953911	Marionette	DEBUG	Received DOM event "beforeunload" for "about:blank"
1511592953992	Marionette	DEBUG	Received DOM event "pagehide" for "about:blank"
1511592953993	Marionette	DEBUG	Received DOM event "unload" for "about:blank"
1511592955519	Marionette	DEBUG	Received observer notification "outer-window-destroyed" for "4294967336"
1511592955563	Marionette	DEBUG	Received observer notification "outer-window-destroyed" for "4294967338"
1511592955564	Marionette	DEBUG	Received observer notification "outer-window-destroyed" for "4294967340"
1511592955634	Marionette	DEBUG	Received observer notification "outer-window-destroyed" for "4294967342"
1511592955882	Marionette	DEBUG	Received DOM event "DOMContentLoaded" for "http://www.buu.ac.th/"
1511592956550	Marionette	DEBUG	Received DOM event "pageshow" for "http://www.buu.ac.th/"
1511592956861	addons.xpi	DEBUG	Calling bootstrap method shutdown on webcompat@mozilla.org version 1.1
1511592956862	addons.xpi	DEBUG	Calling bootstrap method shutdown on shield-recipe-client@mozilla.org version 76.1
1511592956863	addons.xpi	DEBUG	Calling bootstrap method shutdown on screenshots@mozilla.org version 19.2.0
1511592956865	addons.xpi	DEBUG	Calling bootstrap method shutdown on onboarding@mozilla.org version 1.0
1511592956866	addons.xpi	DEBUG	Calling bootstrap method shutdown on formautofill@mozilla.org version 1.0
1511592956866	addons.xpi	DEBUG	Calling bootstrap method shutdown on followonsearch@mozilla.com version 0.9.6
1511592956866	addons.xpi	DEBUG	Calling bootstrap method shutdown on firefox@getpocket.com version 1.0.5
1511592956866	addons.xpi	DEBUG	Calling bootstrap method shutdown on e10srollout@mozilla.org version 3.05
1511592956866	addons.xpi	DEBUG	Calling bootstrap method shutdown on aushelper@mozilla.org version 2.0
1511592956867	addons.xpi	DEBUG	Calling bootstrap method shutdown on activity-stream@mozilla.org version 2017.11.07.1100-7f4e3634
Unable to read VR Path Registry from C:\Users\informatics\AppData\Local\openvr\openvrpaths.vrpath
[Child 7516, Chrome_ChildThread] WARNING: pipe error: 109: file z:/build/build/src/ipc/chromium/src/chrome/common/ipc_channel_win.cc, line 346
Unable to read VR Path Registry from C:\Users\informatics\AppData\Local\openvr\openvrpaths.vrpath
[Parent 8732, Gecko_IOThread] WARNING: pipe error: 109: file z:/build/build/src/ipc/chromium/src/chrome/common/ipc_channel_win.cc, line 346
Unable to read VR Path Registry from C:\Users\informatics\AppData\Local\openvr\openvrpaths.vrpath
[Child 6672, Chrome_ChildThread] WARNING: pipe error: 109: file z:/build/build/src/ipc/chromium/src/chrome/common/ipc_channel_win.cc, line 346
1511592956915	addons.manager	DEBUG	shutdown
1511592956916	addons.manager	DEBUG	Calling shutdown blocker for XPIProvider
1511592956916	addons.xpi	DEBUG	shutdown
1511592956916	addons.xpi-utils	DEBUG	shutdown
1511592956916	addons.manager	DEBUG	Calling shutdown blocker for LightweightThemeManager
1511592956916	addons.manager	DEBUG	Calling shutdown blocker for GMPProvider
1511592956916	addons.manager	DEBUG	Calling shutdown blocker for PluginProvider
1511592956916	addons.manager	DEBUG	Calling shutdown blocker for PreviousExperimentProvider
1511592956917	DeferredSave.webext.sc.lz4	DEBUG	Flush called while data is dirty
1511592956919	DeferredSave.webext.sc.lz4	DEBUG	Starting write
1511592956922	addons.manager	DEBUG	Async provider shutdown done
1511592956926	DeferredSave.webext.sc.lz4	DEBUG	Write succeeded
*** UTM:SVC TimerManager:registerTimer called after profile-before-change notification. Ignoring timer registration for id: telemetry_modules_ping

###!!! [Child][MessageChannel::SendAndWait] Error: Channel error: cannot send/recv

